{"level":"info","message":"⌛ Building environment","timeElapsed":212,"timestamp":"2024-10-16T23:41:15.727Z"}
{"level":"info","message":"onRequest - WORKSPACE_URI:file:///c%3A/Users/Mateo/Desktop/test/repos-github/code","timestamp":"2024-10-16T23:41:15.732Z"}
{"level":"info","message":"⌛ Building environment","timeElapsed":139,"timestamp":"2024-10-16T23:41:15.875Z"}
{"level":"info","message":"⌛ Building environment","timeElapsed":265,"timestamp":"2024-10-16T23:41:16.143Z"}
{"level":"info","message":"⌛ Building environment","timeElapsed":311,"timestamp":"2024-10-16T23:41:16.814Z"}
{"level":"info","message":"⌛ Building environment","timeElapsed":127,"timestamp":"2024-10-16T23:41:16.943Z"}
{"level":"info","message":"⌛ Building environment","timeElapsed":105,"timestamp":"2024-10-16T23:41:17.049Z"}
{"level":"info","message":"⌛ Building environment","timeElapsed":145,"timestamp":"2024-10-16T23:41:17.468Z"}
{"level":"info","message":"⌛ Building environment","timeElapsed":235,"timestamp":"2024-10-16T23:41:17.710Z"}
{"level":"info","message":"⌛ Building environment","timeElapsed":111,"timestamp":"2024-10-16T23:41:17.822Z"}
{"level":"info","message":"⌛ Building environment","timeElapsed":142,"timestamp":"2024-10-16T23:41:17.967Z"}
{"level":"info","message":"⌛ Building environment","timeElapsed":227,"timestamp":"2024-10-16T23:41:18.196Z"}
{"level":"info","message":"⌛ Building environment","timeElapsed":120,"timestamp":"2024-10-16T23:41:18.318Z"}
{"level":"info","message":"⌛ Building environment","timeElapsed":106,"timestamp":"2024-10-16T23:41:18.425Z"}
{"level":"info","message":"⌛ Building environment","timeElapsed":216,"timestamp":"2024-10-16T23:41:18.641Z"}
{"level":"info","message":"⌛ Building environment","timeElapsed":108,"timestamp":"2024-10-16T23:41:18.750Z"}
{"level":"info","message":"⌛ Building environment","timeElapsed":140,"timestamp":"2024-10-16T23:41:18.891Z"}
{"level":"info","message":"⌛ Building environment","timeElapsed":135,"timestamp":"2024-10-16T23:41:19.028Z"}
{"level":"info","message":"⌛ Building environment","timeElapsed":153,"timestamp":"2024-10-16T23:41:19.182Z"}
{"level":"info","message":"⌛ Building environment","timeElapsed":134,"timestamp":"2024-10-16T23:41:19.316Z"}
{"level":"info","message":"⌛ Building environment","timeElapsed":170,"timestamp":"2024-10-16T23:41:19.487Z"}
{"level":"info","message":"⌛ Building environment","timeElapsed":138,"timestamp":"2024-10-16T23:41:19.630Z"}
{"level":"info","message":"⌛ Building environment","timeElapsed":159,"timestamp":"2024-10-16T23:41:19.789Z"}
{"level":"info","message":"⌛ Building environment","timeElapsed":121,"timestamp":"2024-10-16T23:41:19.911Z"}
{"level":"info","message":"⌛ Building environment","timeElapsed":119,"timestamp":"2024-10-16T23:41:20.031Z"}
{"level":"info","message":"⌛ Validating Pdep/Wollok/workspace/TeoriaPractica/HerenciaTanque.wlk","timeElapsed":118,"timestamp":"2024-10-16T23:41:20.150Z"}
{"level":"info","message":"⌛ Building environment","timeElapsed":133,"timestamp":"2024-10-16T23:41:20.283Z"}
{"level":"info","message":"⌛ Building environment","timeElapsed":149,"timestamp":"2024-10-16T23:41:20.433Z"}
{"level":"info","message":"⌛ Building environment","timeElapsed":128,"timestamp":"2024-10-16T23:41:20.563Z"}
{"level":"info","message":"⌛ Validating Pdep/Wollok/workspace/TeoriaPractica/Composicion.wlk","timeElapsed":135,"timestamp":"2024-10-16T23:41:20.698Z"}
{"level":"info","message":"⌛ Validating Pdep/Wollok/workspace/Parciales/src/TeLoResumoAsiParcial/test.wtest","timeElapsed":148,"timestamp":"2024-10-16T23:41:20.847Z"}
{"level":"info","message":"⌛ Validating Pdep/Wollok/workspace/Parciales/src/TeLoResumoAsiParcial/teLoResumoAsiParcial.wlk","timeElapsed":105,"timestamp":"2024-10-16T23:41:20.952Z"}
{"level":"info","message":"⌛ Validating Pdep/Wollok/workspace/Parciales/src/Pseudocomputadores/Pseudocomputadores.wlk","timeElapsed":114,"timestamp":"2024-10-16T23:41:21.066Z"}
{"level":"info","message":"⌛ Validating Pdep/Wollok/workspace/Parciales/src/Prueba/test.wtest","timeElapsed":117,"timestamp":"2024-10-16T23:41:21.183Z"}
{"level":"info","message":"⌛ Validating Pdep/Wollok/workspace/Parciales/src/Prueba/plantaciones.wlk","timeElapsed":117,"timestamp":"2024-10-16T23:41:21.299Z"}
{"level":"info","message":"⌛ Validating Pdep/Wollok/workspace/Parciales/src/Prueba/campos.wlk","timeElapsed":145,"timestamp":"2024-10-16T23:41:21.445Z"}
{"level":"info","message":"⌛ Validating Pdep/Wollok/workspace/Parciales/src/Monetizaci%C3%B3n/Monetizacion.wlk","timeElapsed":153,"timestamp":"2024-10-16T23:41:21.600Z"}
{"level":"info","message":"⌛ Validating Pdep/Wollok/workspace/Parciales/src/laJubilacion.wlk","timeElapsed":131,"timestamp":"2024-10-16T23:41:21.731Z"}
{"level":"info","message":"⌛ Validating Pdep/Wollok/workspace/Parciales/src/Intensamente/test.wtest","timeElapsed":143,"timestamp":"2024-10-16T23:41:21.876Z"}
{"level":"info","message":"⌛ Validating Pdep/Wollok/workspace/Parciales/src/Intensamente/Intensamente.wlk","timeElapsed":131,"timestamp":"2024-10-16T23:41:22.007Z"}
{"level":"info","message":"⌛ Validating Pdep/Wollok/workspace/Parciales/src/Groupies/Groupies.wlk","timeElapsed":131,"timestamp":"2024-10-16T23:41:22.139Z"}
{"level":"info","message":"⌛ Validating Pdep/Wollok/workspace/Parciales/src/GameFlix/test.wtest","timeElapsed":127,"timestamp":"2024-10-16T23:41:22.268Z"}
{"level":"info","message":"⌛ Validating Pdep/Wollok/workspace/Parciales/src/GameFlix/Gameflix.wlk","timeElapsed":124,"timestamp":"2024-10-16T23:41:22.392Z"}
{"level":"info","message":"⌛ Validating Pdep/Wollok/workspace/Parciales/src/DoctorCasa/test.wtest","timeElapsed":131,"timestamp":"2024-10-16T23:41:22.528Z"}
{"level":"info","message":"⌛ Validating Pdep/Wollok/workspace/Parciales/src/DoctorCasa/DoctorCasa.wlk","timeElapsed":131,"timestamp":"2024-10-16T23:41:22.662Z"}
{"level":"info","message":"⌛ Validating Pdep/Wollok/workspace/Parciales/bin/TeLoResumoAsiParcial/test.wtest","timeElapsed":136,"timestamp":"2024-10-16T23:41:22.798Z"}
{"level":"info","message":"⌛ Validating Pdep/Wollok/workspace/Parciales/bin/TeLoResumoAsiParcial/teLoResumoAsiParcial.wlk","timeElapsed":134,"timestamp":"2024-10-16T23:41:22.933Z"}
{"level":"info","message":"⌛ Validating Pdep/Wollok/workspace/Parciales/bin/Pseudocomputadores/Pseudocomputadores.wlk","timeElapsed":140,"timestamp":"2024-10-16T23:41:23.077Z"}
{"level":"info","message":"⌛ Validating Pdep/Wollok/workspace/Parciales/bin/Prueba/test.wtest","timeElapsed":156,"timestamp":"2024-10-16T23:41:23.237Z"}
{"level":"info","message":"⌛ Validating Pdep/Wollok/workspace/Parciales/bin/Prueba/plantaciones.wlk","timeElapsed":151,"timestamp":"2024-10-16T23:41:23.389Z"}
{"level":"info","message":"⌛ Validating Pdep/Wollok/workspace/Parciales/bin/Prueba/campos.wlk","timeElapsed":168,"timestamp":"2024-10-16T23:41:23.558Z"}
{"level":"info","message":"⌛ Validating Pdep/Wollok/workspace/Parciales/bin/Monetizaci%C3%B3n/Monetizacion.wlk","timeElapsed":154,"timestamp":"2024-10-16T23:41:23.713Z"}
{"level":"info","message":"⌛ Validating Pdep/Wollok/workspace/Parciales/bin/laJubilacion.wlk","timeElapsed":186,"timestamp":"2024-10-16T23:41:23.900Z"}
{"level":"info","message":"⌛ Validating Pdep/Wollok/workspace/Parciales/bin/Intensamente/test.wtest","timeElapsed":166,"timestamp":"2024-10-16T23:41:24.082Z"}
{"level":"info","message":"⌛ Validating Pdep/Wollok/workspace/Parciales/bin/Intensamente/Intensamente.wlk","timeElapsed":171,"timestamp":"2024-10-16T23:41:24.254Z"}
{"level":"info","message":"⌛ Validating Pdep/Wollok/workspace/Parciales/bin/Groupies/Groupies.wlk","timeElapsed":186,"timestamp":"2024-10-16T23:41:24.439Z"}
{"level":"info","message":"⌛ Validating Pdep/Wollok/workspace/Parciales/bin/GameFlix/test.wtest","timeElapsed":187,"timestamp":"2024-10-16T23:41:24.627Z"}
{"level":"info","message":"⌛ Validating Pdep/Wollok/workspace/Parciales/bin/GameFlix/Gameflix.wlk","timeElapsed":249,"timestamp":"2024-10-16T23:41:24.875Z"}
{"level":"info","message":"⌛ Validating Pdep/Wollok/workspace/Parciales/bin/DoctorCasa/test.wtest","timeElapsed":187,"timestamp":"2024-10-16T23:41:25.062Z"}
{"level":"info","message":"⌛ Validating Pdep/Wollok/workspace/Parciales/bin/DoctorCasa/DoctorCasa.wlk","timeElapsed":228,"timestamp":"2024-10-16T23:41:25.292Z"}
